GAME 1/14
SIDE BOT1=FIRST
INIT 34213421342134213 42134213421342134 21342134213421342 13421342134213421 34213421342134213 42134213421342134 21342134213421342 13421342134213421 34213421342134213 42134213421342134
FIRST 9 7 9 10 224
SECOND -1 -1 -1 -1 0
FIRST 8 5 9 7 173
SECOND -1 -1 -1 -1 0
FIRST -1 -1 -1 -1 0
SCOREFIRST 9
SCORESECOND 0
RESULT FIRST

GAME 2/14
SIDE BOT1=FIRST
INIT 12345678912345678 98765432198765432 12345678912345678 98765432198765432 12345678912345678 98765432198765432 12345678912345678 98765432198765432 12345678912345678 98765432198765432
FIRST 0 0 0 3 228
SECOND -1 -1 -1 -1 0
FIRST 8 0 8 3 210
SECOND -1 -1 -1 -1 0
FIRST -1 -1 -1 -1 0
SCOREFIRST 8
SCORESECOND 0
RESULT FIRST

GAME 3/14
SIDE BOT1=SECOND
INIT 51415141514151415 15141514151415141 41514151415141514 14151415141514151 51415141514151415 15141514151415141 41514151415141514 14151415141514151 51415141514151415 15141514151415141
FIRST -1 -1 -1 -1 0
SECOND 1 15 2 16 245
FIRST -1 -1 -1 -1 0
SECOND -1 -1 -1 -1 0
SCOREFIRST 0
SCORESECOND 4
RESULT SECOND

GAME 4/14
SIDE BOT1=FIRST
INIT 23232323232323232 32323232323232323 23232323232323232 32323232323232323 23232323232323232 32323232323232323 23232323232323232 32323232323232323 23232323232323232 32323232323232323
FIRST 8 15 9 16 208
SECOND -1 -1 -1 -1 0
FIRST 6 15 7 16 191
SECOND -1 -1 -1 -1 0
FIRST -1 -1 -1 -1 0
SCOREFIRST 8
SCORESECOND 0
RESULT FIRST

GAME 5/14
SIDE BOT1=FIRST
INIT 19191919191919191 91919191919191919 19191919191919191 91919191919191919 19191919191919191 91919191919191919 19191919191919191 91919191919191919 19191919191919191 91919191919191919
FIRST 0 16 1 16 208
SECOND -1 -1 -1 -1 0
FIRST 0 15 1 15 105
SECOND -1 -1 -1 -1 0
FIRST -1 -1 -1 -1 0
SCOREFIRST 4
SCORESECOND 0
RESULT FIRST

GAME 6/14
SIDE BOT1=FIRST
INIT 34213421342134213 42134213421342134 21342134213421342 13421342134213421 34213421342134213 42134213421342134 21342134213421342 13421342134213421 34213421342134213 42134213421342134
FIRST 9 7 9 10 121
SECOND -1 -1 -1 -1 0
FIRST 8 5 9 7 167
SECOND -1 -1 -1 -1 0
FIRST -1 -1 -1 -1 0
SCOREFIRST 9
SCORESECOND 0
RESULT FIRST

GAME 7/14
SIDE BOT1=FIRST
INIT 12345678912345678 98765432198765432 12345678912345678 98765432198765432 12345678912345678 98765432198765432 12345678912345678 98765432198765432 12345678912345678 98765432198765432
FIRST 0 0 0 3 220
SECOND -1 -1 -1 -1 0
FIRST 8 0 8 3 192
SECOND -1 -1 -1 -1 0
FIRST -1 -1 -1 -1 0
SCOREFIRST 8
SCORESECOND 0
RESULT FIRST

GAME 8/14
SIDE BOT1=FIRST
INIT 51415141514151415 15141514151415141 41514151415141514 14151415141514151 51415141514151415 15141514151415141 41514151415141514 14151415141514151 51415141514151415 15141514151415141
FIRST 0 14 1 15 235
SECOND -1 -1 -1 -1 0
FIRST 0 16 2 16 198
SECOND -1 -1 -1 -1 0
FIRST -1 -1 -1 -1 0
SCOREFIRST 7
SCORESECOND 0
RESULT FIRST

GAME 9/14
SIDE BOT1=SECOND
INIT 23232323232323232 32323232323232323 23232323232323232 32323232323232323 23232323232323232 32323232323232323 23232323232323232 32323232323232323 23232323232323232 32323232323232323
FIRST -1 -1 -1 -1 0
SECOND 8 15 9 16 225
FIRST -1 -1 -1 -1 0
SECOND -1 -1 -1 -1 0
SCOREFIRST 0
SCORESECOND 4
RESULT SECOND

GAME 10/14
SIDE BOT1=SECOND
INIT 19191919191919191 91919191919191919 19191919191919191 91919191919191919 19191919191919191 91919191919191919 19191919191919191 91919191919191919 19191919191919191 91919191919191919
FIRST -1 -1 -1 -1 0
SECOND 0 16 1 16 198
FIRST -1 -1 -1 -1 0
SECOND -1 -1 -1 -1 0
SCOREFIRST 0
SCORESECOND 2
RESULT SECOND

GAME 11/14
SIDE BOT1=SECOND
INIT 34213421342134213 42134213421342134 21342134213421342 13421342134213421 34213421342134213 42134213421342134 21342134213421342 13421342134213421 34213421342134213 42134213421342134
FIRST -1 -1 -1 -1 0
SECOND 6 16 9 16 215
FIRST -1 -1 -1 -1 0
SECOND -1 -1 -1 -1 0
SCOREFIRST 0
SCORESECOND 4
RESULT SECOND

GAME 12/14
SIDE BOT1=FIRST
INIT 12345678912345678 98765432198765432 12345678912345678 98765432198765432 12345678912345678 98765432198765432 12345678912345678 98765432198765432 12345678912345678 98765432198765432
FIRST 0 0 0 3 217
SECOND -1 -1 -1 -1 0
FIRST 8 0 8 3 217
SECOND -1 -1 -1 -1 0
FIRST -1 -1 -1 -1 0
SCOREFIRST 8
SCORESECOND 0
RESULT FIRST

GAME 13/14
SIDE BOT1=FIRST
INIT 51415141514151415 15141514151415141 41514151415141514 14151415141514151 51415141514151415 15141514151415141 41514151415141514 14151415141514151 51415141514151415 15141514151415141
FIRST 0 14 1 15 215
SECOND -1 -1 -1 -1 0
FIRST 0 16 2 16 200
SECOND -1 -1 -1 -1 0
FIRST -1 -1 -1 -1 0
SCOREFIRST 7
SCORESECOND 0
RESULT FIRST

GAME 14/14
SIDE BOT1=FIRST
INIT 23232323232323232 32323232323232323 23232323232323232 32323232323232323 23232323232323232 32323232323232323 23232323232323232 32323232323232323 23232323232323232 32323232323232323
FIRST 8 15 9 16 216
SECOND -1 -1 -1 -1 0
FIRST 6 15 7 16 193
SECOND -1 -1 -1 -1 0
FIRST -1 -1 -1 -1 0
SCOREFIRST 8
SCORESECOND 0
RESULT FIRST

SUMMARY BOT1=14 BOT2=0 DRAW=0
SIDECOUNT BOT1_FIRST=10 BOT1_SECOND=4
