GAME 1/14
SIDE BOT1=FIRST
INIT 34213421342134213 42134213421342134 21342134213421342 13421342134213421 34213421342134213 42134213421342134 21342134213421342 13421342134213421 34213421342134213 42134213421342134
FIRST 9 7 9 10 232
SECOND 9 4 9 11 198
FIRST 8 9 8 12 213
SECOND 8 6 9 12 202
FIRST 6 14 9 14 227
SECOND 9 0 9 3 216
FIRST 6 15 9 15 236
SECOND 5 13 7 15 219
FIRST 1 12 4 12 229
SECOND 0 12 7 12 222
FIRST 7 9 7 16 247
SECOND 6 4 6 7 234
FIRST 5 9 5 16 241
SECOND 4 9 6 10 240
FIRST 6 1 6 8 258
SECOND 5 8 6 16 257
FIRST 5 7 8 13 266
SECOND 5 5 7 6 263
FIRST 4 8 4 14 266
SECOND 4 6 8 16 262
FIRST 4 5 9 13 224
SECOND 8 2 9 16 295
FIRST 2 11 3 13 299
SECOND 5 3 7 4 205
FIRST 0 16 3 16 277
SECOND 0 10 0 15 210
FIRST 5 0 8 0 205
SECOND 1 13 3 14 389
FIRST 0 0 3 0 386
SECOND 3 0 4 1 419
FIRST 3 8 3 15 419
SECOND 1 11 2 15 452
FIRST 2 1 8 1 469
SECOND 1 2 4 2 515
FIRST 2 7 2 10 487
SECOND 0 6 3 6 612
FIRST 1 5 2 8 484
SECOND 0 4 3 4 202
FIRST 1 3 2 10 13
SECOND 0 2 5 4 3
FIRST 0 1 7 2 0
SECOND 0 7 3 9 0
FIRST -1 -1 -1 -1 0
SECOND -1 -1 -1 -1 0
SCOREFIRST 76
SCORESECOND 92
RESULT SECOND

GAME 2/14
SIDE BOT1=SECOND
INIT 12345678912345678 98765432198765432 12345678912345678 98765432198765432 12345678912345678 98765432198765432 12345678912345678 98765432198765432 12345678912345678 98765432198765432
FIRST 0 0 0 3 238
SECOND 8 0 8 3 230
FIRST 9 5 9 8 205
SECOND 0 9 0 12 210
FIRST 6 0 6 3 210
SECOND 2 0 2 3 229
FIRST 4 0 4 3 209
SECOND 1 5 1 8 217
FIRST 6 9 6 12 160
SECOND 2 9 2 12 184
FIRST 7 5 7 8 224
SECOND 4 9 4 12 235
FIRST 8 9 8 12 235
SECOND 5 5 5 8 241
FIRST 3 5 3 8 246
SECOND 8 16 9 16 257
FIRST 8 4 9 4 245
SECOND 4 14 5 14 258
FIRST 5 13 5 16 219
SECOND 8 15 9 15 224
FIRST 3 15 4 15 226
SECOND 3 16 4 16 265
FIRST 6 13 7 13 264
SECOND 6 15 7 15 259
FIRST 6 14 7 14 250
SECOND 8 14 9 14 270
FIRST 6 16 7 16 270
SECOND 2 14 3 14 220
FIRST 8 13 9 13 226
SECOND 1 15 2 15 230
FIRST 0 16 1 16 280
SECOND 2 4 3 4 63
FIRST 6 4 7 4 57
SECOND 0 14 1 14 4
FIRST 3 13 4 13 5
SECOND 4 4 5 4 0
FIRST 0 4 1 4 0
SECOND 1 13 2 13 0
FIRST -1 -1 -1 -1 0
SECOND -1 -1 -1 -1 0
SCOREFIRST 56
SCORESECOND 51
RESULT FIRST

GAME 3/14
SIDE BOT1=SECOND
INIT 51415141514151415 15141514151415141 41514151415141514 14151415141514151 51415141514151415 15141514151415141 41514151415141514 14151415141514151 51415141514151415 15141514151415141
FIRST 0 14 1 15 222
SECOND 0 6 1 7 226
FIRST 0 8 2 8 202
SECOND 0 10 1 11 224
FIRST 1 5 1 9 206
SECOND 1 3 2 4 235
FIRST 3 5 4 6 213
SECOND 3 9 4 10 221
FIRST 0 16 2 16 214
SECOND 2 0 3 1 219
FIRST 8 2 9 3 217
SECOND 6 0 7 1 236
FIRST 2 10 2 12 228
SECOND 0 5 2 9 232
FIRST 0 4 0 12 155
SECOND 7 5 9 5 247
FIRST 8 1 8 6 241
SECOND 7 2 9 6 170
FIRST 9 1 9 8 196
SECOND 6 0 8 2 266
FIRST 4 2 5 3 205
SECOND 5 9 5 11 151
FIRST 5 15 6 16 284
SECOND 8 10 9 11 292
FIRST 8 14 9 15 297
SECOND 7 7 7 9 236
FIRST 3 13 4 14 189
SECOND 5 13 7 13 300
FIRST 6 8 6 10 331
SECOND 3 7 5 7 350
FIRST 5 4 5 14 354
SECOND 4 4 4 8 278
FIRST 3 7 8 10 274
SECOND 3 12 6 12 442
FIRST 6 4 6 6 444
SECOND 0 0 0 2 81
FIRST -1 -1 -1 -1 19
SECOND 2 14 6 14 8
FIRST 0 3 2 15 52
SECOND 4 1 6 15 2
FIRST 4 0 4 16 0
SECOND 3 11 7 11 1
FIRST -1 -1 -1 -1 0
SECOND 3 0 7 14 0
FIRST 2 2 8 12 0
SECOND 3 15 7 15 0
FIRST -1 -1 -1 -1 0
SECOND -1 -1 -1 -1 0
SCOREFIRST 124
SCORESECOND 34
RESULT FIRST

GAME 4/14
SIDE BOT1=FIRST
INIT 23232323232323232 32323232323232323 23232323232323232 32323232323232323 23232323232323232 32323232323232323 23232323232323232 32323232323232323 23232323232323232 32323232323232323
FIRST 8 15 9 16 212
SECOND 0 15 1 16 196
FIRST 8 13 9 14 202
SECOND 7 12 8 14 136
FIRST 7 11 8 16 160
SECOND 8 10 9 12 210
FIRST 7 9 9 10 140
SECOND 6 7 7 8 164
FIRST 8 7 9 8 219
SECOND 6 5 7 6 147
FIRST 3 6 8 6 227
SECOND 6 4 7 10 267
FIRST 5 9 6 11 137
SECOND 5 5 5 12 178
FIRST 6 3 7 13 247
SECOND 5 6 9 14 268
FIRST 6 4 8 16 163
SECOND 4 5 9 8 298
FIRST 5 3 8 15 322
SECOND 4 2 7 2 301
FIRST 4 1 7 1 317
SECOND 4 4 4 11 318
FIRST 0 14 2 15 310
SECOND 4 0 6 3 322
FIRST 4 3 9 13 329
SECOND 0 13 2 16 266
FIRST 0 2 3 2 362
SECOND 2 1 9 1 224
FIRST 8 0 9 2 331
SECOND 4 14 5 16 414
FIRST 2 0 2 5 437
SECOND 3 13 3 16 462
FIRST 2 11 3 12 473
SECOND 1 4 2 6 522
FIRST 2 4 3 7 542
SECOND 0 5 0 8 523
FIRST 2 9 3 10 668
SECOND 1 7 3 8 160
FIRST 1 9 1 12 26
SECOND 0 3 1 9 2
FIRST 0 1 1 11 0
SECOND 0 0 3 3 0
FIRST -1 -1 -1 -1 0
SECOND -1 -1 -1 -1 0
SCOREFIRST 114
SCORESECOND 54
RESULT FIRST

GAME 5/14
SIDE BOT1=SECOND
INIT 19191919191919191 91919191919191919 19191919191919191 91919191919191919 19191919191919191 91919191919191919 19191919191919191 91919191919191919 19191919191919191 91919191919191919
FIRST 8 16 9 16 237
SECOND 0 15 1 15 207
FIRST 1 14 2 14 206
SECOND 2 15 3 15 116
FIRST 1 13 1 16 115
SECOND 0 12 0 13 127
FIRST 2 16 3 16 183
SECOND 3 14 4 14 218
FIRST 8 15 9 15 196
SECOND 4 15 5 15 201
FIRST 2 12 2 13 121
SECOND 3 13 4 13 215
FIRST 5 13 6 13 131
SECOND 4 16 5 16 229
FIRST 1 11 1 12 147
SECOND 0 10 0 11 224
FIRST 2 11 3 11 180
SECOND 1 10 2 10 214
FIRST 3 12 4 12 160
SECOND 0 9 1 9 129
FIRST 0 8 1 8 128
SECOND 2 9 3 9 213
FIRST 4 10 4 11 140
SECOND 2 8 3 8 238
FIRST 0 7 1 7 137
SECOND 5 14 6 14 128
FIRST 3 7 3 10 120
SECOND 5 11 5 12 259
FIRST 6 15 7 15 226
SECOND 6 16 7 16 136
FIRST 8 14 9 14 227
SECOND 6 11 6 12 136
FIRST 7 13 7 14 132
SECOND 7 12 8 12 114
FIRST 8 13 9 13 230
SECOND 7 10 7 11 239
FIRST 4 8 4 9 239
SECOND 2 6 2 7 225
FIRST 5 9 5 10 244
SECOND 8 11 9 11 132
FIRST 6 9 6 10 141
SECOND 0 6 1 6 251
FIRST 0 5 1 5 244
SECOND 8 9 8 10 236
FIRST 0 3 0 4 250
SECOND 7 8 7 9 248
FIRST 1 4 2 4 252
SECOND 9 9 9 10 249
FIRST 2 5 3 5 250
SECOND 3 6 4 6 243
FIRST 4 7 5 7 256
SECOND 5 8 6 8 251
FIRST 1 3 2 3 259
SECOND 4 5 5 5 245
FIRST 6 6 6 7 259
SECOND 8 7 8 8 248
FIRST 0 2 1 2 262
SECOND 7 6 7 7 259
FIRST 3 3 3 4 268
SECOND 9 7 9 8 255
FIRST 0 0 0 1 280
SECOND 4 4 5 4 254
FIRST 4 3 5 3 275
SECOND 6 4 6 5 272
FIRST 6 3 7 3 202
SECOND 0 6 5 14 278
FIRST 0 12 9 16 300
SECOND 8 6 9 6 275
FIRST 1 0 1 1 307
SECOND 7 4 7 5 275
FIRST 2 2 3 2 313
SECOND 8 5 9 5 246
FIRST 2 0 3 0 320
SECOND 8 4 9 4 316
FIRST 2 1 3 1 338
SECOND 8 3 9 3 323
FIRST 4 1 5 1 349
SECOND 8 1 9 1 340
FIRST 4 2 5 2 293
SECOND 8 2 9 2 134
FIRST 8 0 9 0 51
SECOND 6 2 7 2 9
FIRST 6 0 7 0 2
SECOND 4 0 5 0 0
FIRST 6 1 7 1 0
SECOND -1 -1 -1 -1 0
FIRST -1 -1 -1 -1 0
SCOREFIRST 92
SCORESECOND 78
RESULT FIRST

GAME 6/14
SIDE BOT1=SECOND
INIT 34213421342134213 42134213421342134 21342134213421342 13421342134213421 34213421342134213 42134213421342134 21342134213421342 13421342134213421 34213421342134213 42134213421342134
FIRST 6 16 9 16 255
SECOND 9 7 9 10 141
FIRST 9 4 9 11 211
SECOND 3 15 6 15 132
FIRST 0 15 7 15 139
SECOND 5 14 8 14 140
FIRST 1 16 4 16 162
SECOND 5 13 7 16 269
FIRST 4 13 8 14 217
SECOND 2 12 5 12 264
FIRST 2 12 8 13 226
SECOND 1 12 2 14 262
FIRST 8 6 8 9 237
SECOND 8 4 8 11 272
FIRST 3 11 6 11 253
SECOND 8 3 9 13 264
FIRST 0 13 3 14 263
SECOND 6 7 6 10 301
FIRST 7 8 7 11 276
SECOND 4 6 6 7 305
FIRST 0 11 1 16 287
SECOND 7 5 8 15 305
FIRST 7 2 9 4 195
SECOND 8 1 9 15 205
FIRST 5 5 6 10 326
SECOND 0 10 2 11 281
FIRST 6 1 6 4 199
SECOND 0 0 0 3 310
FIRST 1 8 4 8 396
SECOND 0 8 2 9 406
FIRST 4 5 4 10 313
SECOND 0 4 0 7 454
FIRST 1 0 4 0 490
SECOND 2 1 5 1 527
FIRST 4 1 7 3 556
SECOND 1 4 1 7 592
FIRST 3 3 5 4 630
SECOND 2 2 2 5 86
FIRST 6 0 9 0 9
SECOND 1 1 3 3 0
FIRST -1 -1 -1 -1 0
SECOND -1 -1 -1 -1 0
SCOREFIRST 80
SCORESECOND 82
RESULT SECOND

GAME 7/14
SIDE BOT1=SECOND
INIT 12345678912345678 98765432198765432 12345678912345678 98765432198765432 12345678912345678 98765432198765432 12345678912345678 98765432198765432 12345678912345678 98765432198765432
FIRST 0 0 0 3 254
SECOND 8 0 8 3 216
FIRST 9 5 9 8 209
SECOND 0 9 0 12 219
FIRST 6 0 6 3 211
SECOND 2 0 2 3 232
FIRST 4 0 4 3 210
SECOND 1 5 1 8 236
FIRST 6 9 6 12 197
SECOND 2 9 2 12 189
FIRST 7 5 7 8 227
SECOND 4 9 4 12 234
FIRST 8 9 8 12 232
SECOND 5 5 5 8 241
FIRST 3 5 3 8 243
SECOND 8 16 9 16 257
FIRST 8 4 9 4 244
SECOND 4 14 5 14 259
FIRST 5 13 5 16 197
SECOND 8 15 9 15 247
FIRST 0 14 1 14 260
SECOND 8 14 9 14 201
FIRST 0 16 1 16 197
SECOND 6 15 7 15 263
FIRST 6 16 7 16 268
SECOND 6 14 7 14 267
FIRST 0 15 1 15 275
SECOND 6 13 7 13 272
FIRST 8 13 9 13 270
SECOND 3 15 4 15 191
FIRST 2 16 3 16 286
SECOND 6 4 7 4 93
FIRST 4 4 5 4 65
SECOND 2 14 3 14 4
FIRST 3 13 4 13 2
SECOND 2 4 3 4 0
FIRST 0 13 1 13 0
SECOND 0 4 1 4 0
FIRST -1 -1 -1 -1 0
SECOND -1 -1 -1 -1 0
SCOREFIRST 56
SCORESECOND 51
RESULT FIRST

GAME 8/14
SIDE BOT1=SECOND
INIT 51415141514151415 15141514151415141 41514151415141514 14151415141514151 51415141514151415 15141514151415141 41514151415141514 14151415141514151 51415141514151415 15141514151415141
FIRST 0 14 1 15 244
SECOND 0 6 1 7 225
FIRST 0 8 2 8 201
SECOND 0 10 1 11 222
FIRST 1 5 1 9 204
SECOND 1 3 2 4 237
FIRST 3 5 4 6 210
SECOND 3 9 4 10 234
FIRST 0 16 2 16 214
SECOND 2 0 3 1 219
FIRST 8 2 9 3 220
SECOND 6 0 7 1 239
FIRST 2 10 2 12 227
SECOND 0 5 2 9 231
FIRST 0 4 0 12 149
SECOND 7 5 9 5 244
FIRST 8 1 8 6 238
SECOND 7 2 9 6 154
FIRST 9 1 9 8 188
SECOND 6 0 8 2 260
FIRST 4 2 5 3 200
SECOND 5 9 5 11 146
FIRST 5 15 6 16 283
SECOND 8 10 9 11 293
FIRST 8 14 9 15 302
SECOND 7 7 7 9 254
FIRST 3 13 4 14 198
SECOND 3 7 5 7 320
FIRST 6 8 6 10 338
SECOND 6 12 7 13 279
FIRST 5 7 7 12 351
SECOND 0 2 2 2 386
FIRST 6 4 6 6 388
SECOND 4 4 4 8 27
FIRST 0 2 6 4 15
SECOND 4 12 8 12 3
FIRST 1 6 5 12 14
SECOND 1 1 1 13 0
FIRST -1 -1 -1 -1 0
SECOND 5 1 5 5 0
FIRST 1 0 9 7 0
SECOND -1 -1 -1 -1 0
FIRST -1 -1 -1 -1 0
SCOREFIRST 131
SCORESECOND 15
RESULT FIRST

GAME 9/14
SIDE BOT1=FIRST
INIT 23232323232323232 32323232323232323 23232323232323232 32323232323232323 23232323232323232 32323232323232323 23232323232323232 32323232323232323 23232323232323232 32323232323232323
FIRST 8 15 9 16 212
SECOND 0 15 1 16 195
FIRST 8 13 9 14 203
SECOND 7 12 8 14 140
FIRST 7 11 8 16 169
SECOND 8 10 9 12 209
FIRST 7 9 9 10 141
SECOND 6 7 7 8 172
FIRST 8 7 9 8 222
SECOND 6 5 7 6 200
FIRST 3 6 8 6 227
SECOND 6 4 7 10 131
FIRST 5 9 6 11 138
SECOND 5 5 5 12 198
FIRST 5 2 5 13 249
SECOND 5 1 5 16 294
FIRST 4 2 4 5 208
SECOND 1 8 4 8 292
FIRST 3 5 8 7 275
SECOND 4 3 7 10 286
FIRST 4 6 9 12 289
SECOND 6 4 8 15 323
FIRST 3 3 3 10 355
SECOND 3 2 6 12 335
FIRST 3 1 4 13 330
SECOND 3 0 4 14 334
FIRST 2 6 2 10 363
SECOND 3 15 4 16 290
FIRST 5 0 6 16 299
SECOND 9 2 9 5 411
FIRST 1 0 8 0 428
SECOND 1 1 1 4 359
FIRST 1 14 2 16 502
SECOND 1 3 2 5 526
FIRST 0 2 0 5 347
SECOND 0 0 7 1 620
FIRST 2 2 7 12 685
SECOND 1 3 8 9 339
FIRST 1 2 8 12 83
SECOND 0 0 9 6 3
FIRST 0 13 2 14 1
SECOND 0 8 0 11 0
FIRST -1 -1 -1 -1 0
SECOND -1 -1 -1 -1 0
SCOREFIRST 78
SCORESECOND 90
RESULT SECOND

GAME 10/14
SIDE BOT1=SECOND
INIT 19191919191919191 91919191919191919 19191919191919191 91919191919191919 19191919191919191 91919191919191919 19191919191919191 91919191919191919 19191919191919191 91919191919191919
FIRST 8 16 9 16 228
SECOND 0 15 1 15 115
FIRST 1 14 2 14 211
SECOND 2 15 3 15 221
FIRST 1 13 1 16 207
SECOND 0 12 0 13 114
FIRST 2 16 3 16 184
SECOND 3 14 4 14 212
FIRST 8 15 9 15 194
SECOND 4 15 5 15 202
FIRST 2 12 2 13 129
SECOND 3 13 4 13 211
FIRST 5 13 6 13 141
SECOND 4 16 5 16 236
FIRST 1 11 1 12 150
SECOND 0 10 0 11 226
FIRST 2 11 3 11 121
SECOND 1 10 2 10 232
FIRST 3 12 4 12 179
SECOND 0 9 1 9 128
FIRST 0 8 1 8 199
SECOND 2 9 3 9 208
FIRST 4 10 4 11 141
SECOND 2 8 3 8 234
FIRST 0 7 1 7 119
SECOND 5 14 6 14 118
FIRST 3 7 3 10 221
SECOND 5 11 5 12 225
FIRST 6 15 7 15 231
SECOND 6 16 7 16 121
FIRST 8 14 9 14 220
SECOND 6 11 6 12 117
FIRST 7 13 7 14 117
SECOND 7 12 8 12 242
FIRST 8 13 9 13 236
SECOND 7 10 7 11 220
FIRST 4 8 4 9 230
SECOND 2 6 2 7 229
FIRST 5 9 5 10 242
SECOND 8 11 9 11 225
FIRST 6 9 6 10 231
SECOND 0 6 1 6 260
FIRST 0 5 1 5 239
SECOND 8 9 8 10 226
FIRST 0 3 0 4 237
SECOND 7 8 7 9 228
FIRST 2 5 3 5 246
SECOND 9 9 9 10 247
FIRST 1 4 2 4 244
SECOND 3 6 4 6 250
FIRST 4 7 5 7 243
SECOND 5 8 6 8 234
FIRST 1 3 2 3 242
SECOND 4 5 5 5 242
FIRST 6 6 6 7 248
SECOND 8 7 8 8 239
FIRST 0 2 1 2 254
SECOND 7 6 7 7 247
FIRST 3 3 3 4 253
SECOND 9 7 9 8 249
FIRST 0 0 0 1 259
SECOND 4 4 5 4 250
FIRST 4 2 4 3 239
SECOND 6 4 6 5 222
FIRST 0 6 5 14 154
SECOND 0 12 9 16 261
FIRST 2 2 3 2 296
SECOND 8 6 9 6 269
FIRST 1 0 1 1 294
SECOND 8 5 9 5 276
FIRST 2 0 2 1 309
SECOND 7 4 7 5 241
FIRST 3 0 3 1 315
SECOND 8 4 9 4 302
FIRST 4 0 4 1 338
SECOND 5 3 6 3 308
FIRST 5 0 5 1 353
SECOND 8 3 9 3 351
FIRST 7 2 7 3 264
SECOND 8 2 9 2 196
FIRST 8 0 9 0 93
SECOND 5 2 6 2 7
FIRST 8 1 9 1 4
SECOND 6 1 7 1 0
FIRST 6 0 7 0 0
SECOND -1 -1 -1 -1 0
FIRST -1 -1 -1 -1 0
SCOREFIRST 78
SCORESECOND 92
RESULT SECOND

GAME 11/14
SIDE BOT1=FIRST
INIT 34213421342134213 42134213421342134 21342134213421342 13421342134213421 34213421342134213 42134213421342134 21342134213421342 13421342134213421 34213421342134213 42134213421342134
FIRST 9 7 9 10 136
SECOND 9 4 9 11 218
FIRST 8 9 8 12 198
SECOND 8 6 9 12 119
FIRST 6 14 9 14 224
SECOND 9 0 9 3 222
FIRST 6 15 9 15 233
SECOND 5 13 7 15 218
FIRST 1 12 4 12 242
SECOND 0 12 7 12 243
FIRST 7 9 7 16 229
SECOND 6 4 6 7 243
FIRST 5 9 5 16 252
SECOND 4 9 6 10 242
FIRST 6 1 6 8 246
SECOND 5 8 6 16 273
FIRST 5 7 8 13 262
SECOND 5 5 7 6 272
FIRST 4 8 4 14 270
SECOND 2 11 3 13 276
FIRST 1 9 2 11 292
SECOND 0 7 3 7 296
FIRST 1 8 1 15 315
SECOND 3 10 9 14 260
FIRST 8 4 8 16 195
SECOND 2 16 9 16 338
FIRST 2 7 4 14 345
SECOND 4 4 4 15 373
FIRST 1 15 3 16 382
SECOND 5 3 7 4 401
FIRST 0 13 0 16 416
SECOND 5 1 7 2 441
FIRST 3 1 3 4 297
SECOND 7 0 8 2 513
FIRST 0 3 8 3 477
SECOND 2 0 5 0 577
FIRST 1 2 2 4 199
SECOND 1 0 2 5 50
FIRST 0 4 1 6 4
SECOND 0 8 0 11 0
FIRST 2 5 3 6 0
SECOND -1 -1 -1 -1 0
FIRST -1 -1 -1 -1 0
SCOREFIRST 76
SCORESECOND 88
RESULT SECOND

GAME 12/14
SIDE BOT1=FIRST
INIT 12345678912345678 98765432198765432 12345678912345678 98765432198765432 12345678912345678 98765432198765432 12345678912345678 98765432198765432 12345678912345678 98765432198765432
FIRST 0 0 0 3 222
SECOND 0 9 0 12 195
FIRST 9 5 9 8 212
SECOND 6 0 6 3 216
FIRST 8 0 8 3 202
SECOND 4 0 4 3 215
FIRST 2 0 2 3 209
SECOND 7 5 7 8 216
FIRST 5 5 5 8 225
SECOND 6 9 6 12 145
FIRST 2 9 2 12 140
SECOND 8 9 8 12 234
FIRST 4 9 4 12 237
SECOND 3 5 3 8 243
FIRST 1 5 1 8 251
SECOND 5 14 6 14 221
FIRST 8 4 9 4 249
SECOND 0 14 1 14 259
FIRST 1 13 1 16 249
SECOND 0 13 2 13 260
FIRST 5 13 5 16 261
SECOND 6 15 7 15 265
FIRST 4 14 7 14 262
SECOND 6 16 7 16 265
FIRST 3 15 4 15 204
SECOND 8 16 9 16 268
FIRST 6 13 7 13 278
SECOND 8 14 9 14 270
FIRST 8 15 9 15 281
SECOND 8 13 9 13 280
FIRST 4 4 5 4 48
SECOND 6 4 7 4 35
FIRST 2 14 3 14 7
SECOND 2 16 3 16 2
FIRST 3 13 4 13 0
SECOND 2 4 3 4 0
FIRST 0 4 1 4 0
SECOND -1 -1 -1 -1 0
FIRST -1 -1 -1 -1 0
SCOREFIRST 58
SCORESECOND 48
RESULT FIRST

GAME 13/14
SIDE BOT1=FIRST
INIT 51415141514151415 15141514151415141 41514151415141514 14151415141514151 51415141514151415 15141514151415141 41514151415141514 14151415141514151 51415141514151415 15141514151415141
FIRST 0 14 1 15 219
SECOND 0 12 2 12 201
FIRST 1 10 1 13 214
SECOND 4 14 5 15 198
FIRST 0 2 1 3 210
SECOND 2 0 3 1 203
FIRST 1 1 2 2 205
SECOND 6 0 7 1 217
FIRST 8 14 9 15 209
SECOND 0 6 1 7 219
FIRST 8 2 9 3 218
SECOND 8 10 9 11 231
FIRST 8 6 9 7 231
SECOND 0 8 0 10 204
FIRST 0 11 2 15 237
SECOND 2 9 2 16 246
FIRST 1 8 2 9 244
SECOND 5 11 6 12 175
FIRST 4 6 5 7 280
SECOND 6 8 7 9 270
FIRST 3 9 4 10 276
SECOND 3 5 3 7 289
FIRST 3 11 3 13 187
SECOND 3 3 5 3 292
FIRST 3 2 3 16 293
SECOND 7 5 7 7 308
FIRST 0 4 2 4 310
SECOND 2 2 4 4 328
FIRST 6 4 6 6 337
SECOND 7 11 7 13 339
FIRST 6 16 8 16 52
SECOND 0 1 4 5 4
FIRST 2 0 4 6 11
SECOND 0 0 0 16 2
FIRST 4 12 8 12 3
SECOND 7 5 8 14 7
FIRST 7 13 9 15 9
SECOND -1 -1 -1 -1 10
FIRST -1 -1 -1 -1 6
SCOREFIRST 70
SCORESECOND 62
RESULT FIRST

GAME 14/14
SIDE BOT1=FIRST
INIT 23232323232323232 32323232323232323 23232323232323232 32323232323232323 23232323232323232 32323232323232323 23232323232323232 32323232323232323 23232323232323232 32323232323232323
FIRST 8 15 9 16 208
SECOND 0 15 1 16 197
FIRST 8 13 9 14 202
SECOND 7 12 8 14 140
FIRST 7 11 8 16 165
SECOND 8 10 9 12 210
FIRST 7 9 9 10 140
SECOND 6 7 7 8 158
FIRST 8 7 9 8 220
SECOND 6 5 7 6 145
FIRST 6 4 7 10 221
SECOND 6 6 9 12 241
FIRST 5 4 5 7 214
SECOND 5 3 7 8 199
FIRST 5 5 9 10 284
SECOND 5 0 5 11 167
FIRST 5 2 6 13 301
SECOND 5 4 9 14 298
FIRST 4 3 4 6 300
SECOND 4 2 7 8 293
FIRST 4 0 4 10 317
SECOND 7 1 8 3 336
FIRST 4 0 6 12 333
SECOND 4 0 8 14 327
FIRST 3 13 4 15 331
SECOND 2 13 5 15 350
FIRST 0 14 3 16 345
SECOND 9 0 9 3 238
FIRST 4 15 6 16 303
SECOND 3 9 3 12 415
FIRST 0 0 3 0 263
SECOND 3 1 3 4 467
FIRST 1 1 2 2 474
SECOND 3 5 3 8 521
FIRST 0 1 0 4 420
SECOND 0 3 1 5 621
FIRST 1 4 2 6 691
SECOND 0 9 1 10 774
FIRST 1 11 2 12 117
SECOND 0 11 1 13 9
FIRST 1 8 2 10 1
SECOND 0 7 2 8 0
FIRST -1 -1 -1 -1 0
SECOND -1 -1 -1 -1 0
SCOREFIRST 46
SCORESECOND 122
RESULT SECOND

SUMMARY BOT1=5 BOT2=9 DRAW=0
SIDECOUNT BOT1_FIRST=7 BOT1_SECOND=7
